17:13:04.704 [DEBUG] [Preparing][main][c.d.cover.ui.a.u] Client heap size: 10224 MB
17:13:04.717 [INFO]  [Preparing][main][c.d.cover.ui.a.u] Diffblue Cover 2023.09.01-9200f07-licensed
17:13:04.718 [INFO]  [Preparing][main][c.d.cover.ui.a.u] 
17:13:04.719 [INFO]  [Preparing][main][c.d.cover.ui.a.u] Running: dcover create
17:13:08.991 [DEBUG] [Checking][main][c.l.i.s.LicenseService] [LicenseClientAPI#checkLicense] ---> GET https://api.licensespring.com/api/v4/check_license?is_vm=false&product=cover&sdk_ver=Java%20SDK%20null&hardware_id=DBF1-B8B1-B916-5865-4EC6-3CB4-7EC4-7B4B-4348-BEB5-424B-6FC8-1095-B360-6620-28F2&license_key=XXXX-XXXX-XXXX-XXXX HTTP/1.1
17:13:09.785 [DEBUG] [Checking][main][c.l.i.s.LicenseService] [LicenseClientAPI#checkLicense] <--- UNKNOWN 200  (793ms)
17:13:10.518 [DEBUG] [Checking][main][c.l.i.s.LicenseService] [LicenseClientAPI#checkLicense] ---> GET https://api.licensespring.com/api/v4/check_license?is_vm=false&product=cover&sdk_ver=Java%20SDK%20null&hardware_id=DBF1-B8B1-B916-5865-4EC6-3CB4-7EC4-7B4B-4348-BEB5-424B-6FC8-1095-B360-6620-28F2&license_key=XXXX-XXXX-XXXX-XXXX HTTP/1.1
17:13:10.744 [DEBUG] [Checking][main][c.l.i.s.LicenseService] [LicenseClientAPI#checkLicense] <--- UNKNOWN 200  (224ms)
17:13:11.375 [DEBUG] [Checking][main][c.l.i.s.LicenseService] [LicenseClientAPI#checkLicense] ---> GET https://api.licensespring.com/api/v4/check_license?is_vm=false&product=cover&sdk_ver=Java%20SDK%20null&hardware_id=DBF1-B8B1-B916-5865-4EC6-3CB4-7EC4-7B4B-4348-BEB5-424B-6FC8-1095-B360-6620-28F2&license_key=XXXX-XXXX-XXXX-XXXX HTTP/1.1
17:13:11.600 [DEBUG] [Checking][main][c.l.i.s.LicenseService] [LicenseClientAPI#checkLicense] <--- UNKNOWN 200  (223ms)
17:13:11.700 [INFO]  [Checking][main][c.d.cover.ui.a.j] Detecting environment:
17:13:11.701 [INFO]  [Checking][main][c.d.cover.ui.a.j] ----------------------
17:13:11.768 [INFO]  [Checking][main][c.d.cover.ui.a.j] Detected Java version 20.0.2
17:13:11.774 [INFO]  [Checking][main][c.d.cover.n.a.ai] Operating System: Windows 10 amd64 10.0
17:13:11.774 [INFO]  [Checking][main][c.d.cover.n.a.ai] Default charset: UTF-8
17:13:11.774 [INFO]  [Checking][main][c.d.cover.n.a.ai] Default locale: en_US
17:13:11.774 [INFO]  [Checking][main][c.d.cover.n.a.ai] Default time zone: America/Los_Angeles
17:13:11.778 [INFO]  [Checking][main][c.d.cover.ui.a.j] Detected JVM architecture: 64-Bit
17:13:11.786 [INFO]  [Checking][main][c.d.cover.ui.a.j] Selected test output directory: C:\Users\chris\IdeaProjects\oreilly-clone\src\test\java
17:13:11.794 [ERROR] [Checking][main][c.d.cover.ui.a.j] E047: Unsupported Java version
Version 20.0.2 of Java is not supported.
Please use Java 8 Update 351+, Java 11.0.17+ or Java 17.0.5+.
17:13:11.801 [INFO]  [Reporting][main][c.d.cover.ui.a.j] 
17:13:11.801 [INFO]  [Reporting][main][c.d.cover.ui.a.j] Environment summary:
17:13:11.801 [INFO]  [Reporting][main][c.d.cover.ui.a.j] --------------------
17:13:11.803 [ERROR] [Reporting][main][c.d.cover.ui.a.j] Java version                  20.0.2                        UNSUPPORTED    
17:13:11.804 [INFO]  [Reporting][main][c.d.cover.ui.a.j] 
17:13:11.804 [ERROR] [Reporting][main][c.d.cover.ui.a.j] Environment check status: ERROR
17:13:11.804 [DEBUG] [Checking][main][c.d.cover.ui.a.j] Inference engine couldn't determine build system, unable to attempt refactoring
17:13:11.805 [INFO]  [Checking][main][c.d.cover.ui.a.b] Log file: C:\Users\chris\IdeaProjects\oreilly-clone\.diffblue\log\user-20230921T171303.log
17:13:11.806 [INFO]  [Reporting][main][c.d.cover.ui.a.u] Finished in 6s
