17:13:04.717 [INFO]  [Preparing] Diffblue Cover 2023.09.01-9200f07-licensed
17:13:04.718 [INFO]  [Preparing] 
17:13:04.719 [INFO]  [Preparing] Running: dcover create
17:13:11.700 [INFO]  [Checking] Detecting environment:
17:13:11.701 [INFO]  [Checking] ----------------------
17:13:11.768 [INFO]  [Checking] Detected Java version 20.0.2
17:13:11.774 [INFO]  [Checking] Operating System: Windows 10 amd64 10.0
17:13:11.774 [INFO]  [Checking] Default charset: UTF-8
17:13:11.774 [INFO]  [Checking] Default locale: en_US
17:13:11.774 [INFO]  [Checking] Default time zone: America/Los_Angeles
17:13:11.778 [INFO]  [Checking] Detected JVM architecture: 64-Bit
17:13:11.786 [INFO]  [Checking] Selected test output directory: C:\Users\chris\IdeaProjects\oreilly-clone\src\test\java
17:13:11.794 [ERROR] [Checking] E047: Unsupported Java version
Version 20.0.2 of Java is not supported.
Please use Java 8 Update 351+, Java 11.0.17+ or Java 17.0.5+.
17:13:11.801 [INFO]  [Reporting] 
17:13:11.801 [INFO]  [Reporting] Environment summary:
17:13:11.801 [INFO]  [Reporting] --------------------
17:13:11.803 [ERROR] [Reporting] Java version                  20.0.2                        UNSUPPORTED    
17:13:11.804 [INFO]  [Reporting] 
17:13:11.804 [ERROR] [Reporting] Environment check status: ERROR
17:13:11.805 [INFO]  [Checking] Log file: C:\Users\chris\IdeaProjects\oreilly-clone\.diffblue\log\user-20230921T171303.log
17:13:11.806 [INFO]  [Reporting] Finished in 6s
